<?xml version="1.0" encoding="UTF-8" ?>
<testsuite tests="7" failures="0" name="adt.stack.StudentStackTest" time="0" errors="0" skipped="0">
  <properties>
[...]
</properties>
  <testcase classname="adt.stack.StudentStackTest" name="testPop" time="0"/>
  <testcase classname="adt.stack.StudentStackTest" name="testTop" time="0"/>
  <testcase classname="adt.stack.StudentStackTest" name="testPush" time="0"/>
  <testcase classname="adt.stack.StudentStackTest" name="testPushComErro" time="0"/>
  <testcase classname="adt.stack.StudentStackTest" name="testPopComErro" time="0"/>
  <testcase classname="adt.stack.StudentStackTest" name="testIsFull" time="0"/>
  <testcase classname="adt.stack.StudentStackTest" name="testIsEmpty" time="0"/>
</testsuite>